# JRE version: OpenJDK Runtime Environment (15.0.2+7) (build 15.0.2+7-27)
# Java VM: OpenJDK 64-Bit Server VM (15.0.2+7-27, mixed mode, tiered, compressed oops, g1 gc, windows-amd64)
GC Precious Log:
 CPUs: 12 total, 12 available
 Memory: 16316M
 Large Page Support: Disabled
 NUMA Support: Disabled
 Compressed Oops: Enabled (Zero based)
 Heap Region Size: 2M
 Heap Min Capacity: 8M
 Heap Initial Capacity: 256M
 Heap Max Capacity: 4080M
 Pre-touch: Disabled
 Parallel Workers: 10
 Concurrent Workers: 3
 Concurrent Refinement Workers: 10
 Periodic GC: Disabled
Heap:
 garbage-first heap   total 75776K, used 51498K [0x0000000701000000, 0x0000000800000000)
  region size 2048K, 22 young (45056K), 4 survivors (8192K)
 Metaspace       used 42964K, capacity 43617K, committed 43904K, reserved 1087488K
  class space    used 5426K, capacity 5642K, committed 5760K, reserved 1048576K
GC Heap History (20 events):
Event: 0.670 GC heap before
{Heap before GC invocations=0 (full 0):
 garbage-first heap   total 262144K, used 22528K [0x0000000701000000, 0x0000000800000000)
  region size 2048K, 11 young (22528K), 0 survivors (0K)
 Metaspace       used 14735K, capacity 14887K, committed 15232K, reserved 1062912K
  class space    used 1492K, capacity 1547K, committed 1664K, reserved 1048576K
}
Event: 0.675 GC heap after
{Heap after GC invocations=1 (full 0):
 garbage-first heap   total 262144K, used 7105K [0x0000000701000000, 0x0000000800000000)
  region size 2048K, 2 young (4096K), 2 survivors (4096K)
 Metaspace       used 14735K, capacity 14887K, committed 15232K, reserved 1062912K
  class space    used 1492K, capacity 1547K, committed 1664K, reserved 1048576K
}
Event: 0.734 GC heap before
{Heap before GC invocations=1 (full 0):
 garbage-first heap   total 262144K, used 23489K [0x0000000701000000, 0x0000000800000000)
  region size 2048K, 11 young (22528K), 2 survivors (4096K)
 Metaspace       used 15405K, capacity 15632K, committed 15744K, reserved 1062912K
  class space    used 1580K, capacity 1646K, committed 1664K, reserved 1048576K
}
Event: 0.737 GC heap after
{Heap after GC invocations=2 (full 0):
 garbage-first heap   total 262144K, used 7721K [0x0000000701000000, 0x0000000800000000)
  region size 2048K, 1 young (2048K), 1 survivors (2048K)
 Metaspace       used 15405K, capacity 15632K, committed 15744K, reserved 1062912K
  class space    used 1580K, capacity 1646K, committed 1664K, reserved 1048576K
}
Event: 1.058 GC heap before
{Heap before GC invocations=2 (full 0):
 garbage-first heap   total 262144K, used 54825K [0x0000000701000000, 0x0000000800000000)
  region size 2048K, 25 young (51200K), 1 survivors (2048K)
 Metaspace       used 20317K, capacity 20594K, committed 20864K, reserved 1067008K
  class space    used 2289K, capacity 2386K, committed 2432K, reserved 1048576K
}
Event: 1.061 GC heap after
{Heap after GC invocations=3 (full 0):
 garbage-first heap   total 262144K, used 9337K [0x0000000701000000, 0x0000000800000000)
  region size 2048K, 2 young (4096K), 2 survivors (4096K)
 Metaspace       used 20317K, capacity 20594K, committed 20864K, reserved 1067008K
  class space    used 2289K, capacity 2386K, committed 2432K, reserved 1048576K
}
Event: 1.074 GC heap before
{Heap before GC invocations=3 (full 0):
 garbage-first heap   total 262144K, used 9337K [0x0000000701000000, 0x0000000800000000)
  region size 2048K, 3 young (6144K), 2 survivors (4096K)
 Metaspace       used 20903K, capacity 21172K, committed 21248K, reserved 1069056K
  class space    used 2372K, capacity 2492K, committed 2560K, reserved 1048576K
}
Event: 1.076 GC heap after
{Heap after GC invocations=4 (full 0):
 garbage-first heap   total 262144K, used 9283K [0x0000000701000000, 0x0000000800000000)
  region size 2048K, 1 young (2048K), 1 survivors (2048K)
 Metaspace       used 20903K, capacity 21172K, committed 21248K, reserved 1069056K
  class space    used 2372K, capacity 2492K, committed 2560K, reserved 1048576K
}
Event: 1.288 GC heap before
{Heap before GC invocations=5 (full 0):
 garbage-first heap   total 40960K, used 37955K [0x0000000701000000, 0x0000000800000000)
  region size 2048K, 16 young (32768K), 1 survivors (2048K)
 Metaspace       used 26423K, capacity 26718K, committed 27008K, reserved 1073152K
  class space    used 3059K, capacity 3142K, committed 3200K, reserved 1048576K
}
Event: 1.291 GC heap after
{Heap after GC invocations=6 (full 0):
 garbage-first heap   total 45056K, used 10309K [0x0000000701000000, 0x0000000800000000)
  region size 2048K, 2 young (4096K), 2 survivors (4096K)
 Metaspace       used 26423K, capacity 26718K, committed 27008K, reserved 1073152K
  class space    used 3059K, capacity 3142K, committed 3200K, reserved 1048576K
}
Event: 1.295 GC heap before
{Heap before GC invocations=6 (full 0):
 garbage-first heap   total 45056K, used 26693K [0x0000000701000000, 0x0000000800000000)
  region size 2048K, 11 young (22528K), 2 survivors (4096K)
 Metaspace       used 26423K, capacity 26718K, committed 27008K, reserved 1073152K
  class space    used 3059K, capacity 3142K, committed 3200K, reserved 1048576K
}
Event: 1.297 GC heap after
{Heap after GC invocations=7 (full 0):
 garbage-first heap   total 45056K, used 10406K [0x0000000701000000, 0x0000000800000000)
  region size 2048K, 1 young (2048K), 1 survivors (2048K)
 Metaspace       used 26423K, capacity 26718K, committed 27008K, reserved 1073152K
  class space    used 3059K, capacity 3142K, committed 3200K, reserved 1048576K
}
Event: 1.373 GC heap before
{Heap before GC invocations=7 (full 0):
 garbage-first heap   total 45056K, used 26790K [0x0000000701000000, 0x0000000800000000)
  region size 2048K, 10 young (20480K), 1 survivors (2048K)
 Metaspace       used 26917K, capacity 27271K, committed 27392K, reserved 1073152K
  class space    used 3115K, capacity 3241K, committed 3328K, reserved 1048576K
}
Event: 1.375 GC heap after
{Heap after GC invocations=8 (full 0):
 garbage-first heap   total 45056K, used 10914K [0x0000000701000000, 0x0000000800000000)
  region size 2048K, 1 young (2048K), 1 survivors (2048K)
 Metaspace       used 26917K, capacity 27271K, committed 27392K, reserved 1073152K
  class space    used 3115K, capacity 3241K, committed 3328K, reserved 1048576K
}
Event: 1.622 GC heap before
{Heap before GC invocations=8 (full 0):
 garbage-first heap   total 45056K, used 31394K [0x0000000701000000, 0x0000000800000000)
  region size 2048K, 11 young (22528K), 1 survivors (2048K)
 Metaspace       used 28221K, capacity 28588K, committed 28800K, reserved 1075200K
  class space    used 3284K, capacity 3416K, committed 3456K, reserved 1048576K
}
Event: 1.624 GC heap after
{Heap after GC invocations=9 (full 0):
 garbage-first heap   total 45056K, used 12195K [0x0000000701000000, 0x0000000800000000)
  region size 2048K, 2 young (4096K), 2 survivors (4096K)
 Metaspace       used 28221K, capacity 28588K, committed 28800K, reserved 1075200K
  class space    used 3284K, capacity 3416K, committed 3456K, reserved 1048576K
}
Event: 1.811 GC heap before
{Heap before GC invocations=9 (full 0):
 garbage-first heap   total 45056K, used 30627K [0x0000000701000000, 0x0000000800000000)
  region size 2048K, 11 young (22528K), 2 survivors (4096K)
 Metaspace       used 29039K, capacity 29418K, committed 29696K, reserved 1075200K
  class space    used 3419K, capacity 3559K, committed 3584K, reserved 1048576K
}
Event: 1.813 GC heap after
{Heap after GC invocations=10 (full 0):
 garbage-first heap   total 153600K, used 12480K [0x0000000701000000, 0x0000000800000000)
  region size 2048K, 2 young (4096K), 2 survivors (4096K)
 Metaspace       used 29039K, capacity 29418K, committed 29696K, reserved 1075200K
  class space    used 3419K, capacity 3559K, committed 3584K, reserved 1048576K
}
Event: 2.613 GC heap before
{Heap before GC invocations=10 (full 0):
 garbage-first heap   total 153600K, used 71872K [0x0000000701000000, 0x0000000800000000)
  region size 2048K, 32 young (65536K), 2 survivors (4096K)
 Metaspace       used 35208K, capacity 35764K, committed 35840K, reserved 1081344K
  class space    used 4341K, capacity 4544K, committed 4608K, reserved 1048576K
}
Event: 2.620 GC heap after
{Heap after GC invocations=11 (full 0):
 garbage-first heap   total 153600K, used 16682K [0x0000000701000000, 0x0000000800000000)
  region size 2048K, 4 young (8192K), 4 survivors (8192K)
 Metaspace       used 35208K, capacity 35764K, committed 35840K, reserved 1081344K
  class space    used 4341K, capacity 4544K, committed 4608K, reserved 1048576K
}

